  CCollider.cpp
  CCore.cpp
C:\Users\xodnj\Desktop\Study\Cpp\WinApi\DawnProject\CObject.h(24,9): error C2144: 구문 오류: void'은(는) ';' 다음에 와야 합니다.
C:\Users\xodnj\Desktop\Study\Cpp\WinApi\DawnProject\CObject.h(24,14): error C4430: 형식 지정자가 없습니다. int로 가정합니다. 참고: C++에서는 기본 int를 지원하지 않습니다.
C:\Users\xodnj\Desktop\Study\Cpp\WinApi\DawnProject\CObject.h(24,14): error C3609: 'CObject::finalupdate': 'final' 함수는 virtual이어야 합니다.
  CObject.cpp
C:\Users\xodnj\Desktop\Study\Cpp\WinApi\DawnProject\CObject.h(24,9): error C2144: 구문 오류: void'은(는) ';' 다음에 와야 합니다.
C:\Users\xodnj\Desktop\Study\Cpp\WinApi\DawnProject\CObject.h(24,14): error C4430: 형식 지정자가 없습니다. int로 가정합니다. 참고: C++에서는 기본 int를 지원하지 않습니다.
C:\Users\xodnj\Desktop\Study\Cpp\WinApi\DawnProject\CObject.h(24,14): error C3609: 'CObject::finalupdate': 'final' 함수는 virtual이어야 합니다.
C:\Users\xodnj\Desktop\Study\Cpp\WinApi\DawnProject\CObject.cpp(36,16): error C2039: 'finalupdate': 'CCollider'의 멤버가 아닙니다.
C:\Users\xodnj\Desktop\Study\Cpp\WinApi\DawnProject\CCollider.h(4): message : 'CCollider' 선언을 참조하십시오.
  CPlayer.cpp
C:\Users\xodnj\Desktop\Study\Cpp\WinApi\DawnProject\CObject.h(24,9): error C2144: 구문 오류: void'은(는) ';' 다음에 와야 합니다.
C:\Users\xodnj\Desktop\Study\Cpp\WinApi\DawnProject\CObject.h(24,14): error C4430: 형식 지정자가 없습니다. int로 가정합니다. 참고: C++에서는 기본 int를 지원하지 않습니다.
C:\Users\xodnj\Desktop\Study\Cpp\WinApi\DawnProject\CObject.h(24,14): error C3609: 'CObject::finalupdate': 'final' 함수는 virtual이어야 합니다.
C:\Users\xodnj\Desktop\Study\Cpp\WinApi\DawnProject\CPlayer.cpp(32,22): warning C4244: '-=': 'double'에서 'float'(으)로 변환하면서 데이터가 손실될 수 있습니다.
C:\Users\xodnj\Desktop\Study\Cpp\WinApi\DawnProject\CPlayer.cpp(36,22): warning C4244: '-=': 'double'에서 'float'(으)로 변환하면서 데이터가 손실될 수 있습니다.
C:\Users\xodnj\Desktop\Study\Cpp\WinApi\DawnProject\CPlayer.cpp(40,22): warning C4244: '+=': 'double'에서 'float'(으)로 변환하면서 데이터가 손실될 수 있습니다.
C:\Users\xodnj\Desktop\Study\Cpp\WinApi\DawnProject\CPlayer.cpp(44,22): warning C4244: '+=': 'double'에서 'float'(으)로 변환하면서 데이터가 손실될 수 있습니다.
C:\Users\xodnj\Desktop\Study\Cpp\WinApi\DawnProject\CPlayer.cpp(74,20): warning C4244: '인수': 'float'에서 'int'(으)로 변환하면서 데이터가 손실될 수 있습니다.
C:\Users\xodnj\Desktop\Study\Cpp\WinApi\DawnProject\CPlayer.cpp(73,20): warning C4244: '인수': 'float'에서 'int'(으)로 변환하면서 데이터가 손실될 수 있습니다.
  CProjectile.cpp
C:\Users\xodnj\Desktop\Study\Cpp\WinApi\DawnProject\CObject.h(24,9): error C2144: 구문 오류: void'은(는) ';' 다음에 와야 합니다.
C:\Users\xodnj\Desktop\Study\Cpp\WinApi\DawnProject\CObject.h(24,14): error C4430: 형식 지정자가 없습니다. int로 가정합니다. 참고: C++에서는 기본 int를 지원하지 않습니다.
C:\Users\xodnj\Desktop\Study\Cpp\WinApi\DawnProject\CObject.h(24,14): error C3609: 'CObject::finalupdate': 'final' 함수는 virtual이어야 합니다.
C:\Users\xodnj\Desktop\Study\Cpp\WinApi\DawnProject\CProjectile.cpp(9,1): warning C4305: '초기화 중': 'double'에서 'float'(으)로 잘립니다.
C:\Users\xodnj\Desktop\Study\Cpp\WinApi\DawnProject\CProjectile.cpp(26,38): warning C4244: '+=': 'double'에서 'float'(으)로 변환하면서 데이터가 손실될 수 있습니다.
C:\Users\xodnj\Desktop\Study\Cpp\WinApi\DawnProject\CProjectile.cpp(27,38): warning C4244: '+=': 'double'에서 'float'(으)로 변환하면서 데이터가 손실될 수 있습니다.
C:\Users\xodnj\Desktop\Study\Cpp\WinApi\DawnProject\CProjectile.cpp(41,15): warning C4244: '인수': 'float'에서 'int'(으)로 변환하면서 데이터가 손실될 수 있습니다.
C:\Users\xodnj\Desktop\Study\Cpp\WinApi\DawnProject\CProjectile.cpp(40,15): warning C4244: '인수': 'float'에서 'int'(으)로 변환하면서 데이터가 손실될 수 있습니다.
C:\Users\xodnj\Desktop\Study\Cpp\WinApi\DawnProject\CProjectile.cpp(39,15): warning C4244: '인수': 'float'에서 'int'(으)로 변환하면서 데이터가 손실될 수 있습니다.
C:\Users\xodnj\Desktop\Study\Cpp\WinApi\DawnProject\CProjectile.cpp(38,15): warning C4244: '인수': 'float'에서 'int'(으)로 변환하면서 데이터가 손실될 수 있습니다.
  CScene.cpp
C:\Users\xodnj\Desktop\Study\Cpp\WinApi\DawnProject\CObject.h(24,9): error C2144: 구문 오류: void'은(는) ';' 다음에 와야 합니다.
C:\Users\xodnj\Desktop\Study\Cpp\WinApi\DawnProject\CObject.h(24,14): error C4430: 형식 지정자가 없습니다. int로 가정합니다. 참고: C++에서는 기본 int를 지원하지 않습니다.
C:\Users\xodnj\Desktop\Study\Cpp\WinApi\DawnProject\CObject.h(24,14): error C3609: 'CObject::finalupdate': 'final' 함수는 virtual이어야 합니다.
  CSceneMgr.cpp
  CScene_Start.cpp
C:\Users\xodnj\Desktop\Study\Cpp\WinApi\DawnProject\CObject.h(24,9): error C2144: 구문 오류: void'은(는) ';' 다음에 와야 합니다.
C:\Users\xodnj\Desktop\Study\Cpp\WinApi\DawnProject\CObject.h(24,14): error C4430: 형식 지정자가 없습니다. int로 가정합니다. 참고: C++에서는 기본 int를 지원하지 않습니다.
C:\Users\xodnj\Desktop\Study\Cpp\WinApi\DawnProject\CObject.h(24,14): error C3609: 'CObject::finalupdate': 'final' 함수는 virtual이어야 합니다.
