c:\users\xodnj\desktop\study\cpp\winapi\dawnproject\x64\debug\unity_108vbqi48zkocsh3.obj
c:\users\xodnj\desktop\study\cpp\winapi\dawnproject\x64\debug\unity_rmi9orcvspempnph.obj
c:\users\xodnj\desktop\study\cpp\winapi\dawnproject\x64\debug\unity_8k4n8cqfvfq8048d.obj
c:\users\xodnj\desktop\study\cpp\winapi\dawnproject\x64\debug\unity_8rol0tpth3wo4a1d.obj
c:\users\xodnj\desktop\study\cpp\winapi\dawnproject\x64\debug\vc143.pdb
c:\users\xodnj\desktop\study\cpp\winapi\dawnproject\x64\debug\vc143.idb
c:\users\xodnj\desktop\study\cpp\winapi\dawnproject\output\bin_debug\dawnproject.exe
c:\users\xodnj\desktop\study\cpp\winapi\dawnproject\x64\debug\dawnproject.ilk
c:\users\xodnj\desktop\study\cpp\winapi\dawnproject\output\bin_debug\dawnproject.pdb
c:\users\xodnj\desktop\study\cpp\winapi\dawnproject\x64\debug\dawnproject.res
c:\users\xodnj\desktop\study\cpp\winapi\dawnproject\x64\debug\unity_l10wwjhwpd8o1w31.obj.enc
c:\users\xodnj\desktop\study\cpp\winapi\dawnproject\x64\debug\unity_og6yqxbigc0oo64e.obj.enc
c:\users\xodnj\desktop\study\cpp\winapi\dawnproject\x64\debug\dawnproject.tlog\cl.command.1.tlog
c:\users\xodnj\desktop\study\cpp\winapi\dawnproject\x64\debug\dawnproject.tlog\cl.read.1.tlog
c:\users\xodnj\desktop\study\cpp\winapi\dawnproject\x64\debug\dawnproject.tlog\cl.write.1.tlog
c:\users\xodnj\desktop\study\cpp\winapi\dawnproject\x64\debug\dawnproject.tlog\link.command.1.tlog
c:\users\xodnj\desktop\study\cpp\winapi\dawnproject\x64\debug\dawnproject.tlog\link.read.1.tlog
c:\users\xodnj\desktop\study\cpp\winapi\dawnproject\x64\debug\dawnproject.tlog\link.write.1.tlog
c:\users\xodnj\desktop\study\cpp\winapi\dawnproject\x64\debug\dawnproject.tlog\rc.command.1.tlog
c:\users\xodnj\desktop\study\cpp\winapi\dawnproject\x64\debug\dawnproject.tlog\rc.read.1.tlog
c:\users\xodnj\desktop\study\cpp\winapi\dawnproject\x64\debug\dawnproject.tlog\rc.write.1.tlog
