C:\Program Files\Microsoft Visual Studio\2022\Community\MSBuild\Microsoft\VC\v170\Microsoft.CppBuild.targets(500,5): warning MSB8004: Output 디렉터리가 슬래시로 끝나지 않습니다. Output 디렉터리의 적절한 평가를 허용하는 데 필요하므로 이 빌드 인스턴스에서 슬래시를 추가합니다.
  CCore.cpp
  CObject.cpp
  CPathMgr.cpp
C:\Users\xodnj\Desktop\Study\C++\WinApi\DawnProject\CPathMgr.cpp(22,36): warning C4267: '초기화 중': 'size_t'에서 'int'(으)로 변환하면서 데이터가 손실될 수 있습니다.
  CPlayer.cpp
C:\Users\xodnj\Desktop\Study\C++\WinApi\DawnProject\CPlayer.cpp(21,22): warning C4244: '-=': 'double'에서 'float'(으)로 변환하면서 데이터가 손실될 수 있습니다.
C:\Users\xodnj\Desktop\Study\C++\WinApi\DawnProject\CPlayer.cpp(25,22): warning C4244: '-=': 'double'에서 'float'(으)로 변환하면서 데이터가 손실될 수 있습니다.
C:\Users\xodnj\Desktop\Study\C++\WinApi\DawnProject\CPlayer.cpp(29,22): warning C4244: '+=': 'double'에서 'float'(으)로 변환하면서 데이터가 손실될 수 있습니다.
C:\Users\xodnj\Desktop\Study\C++\WinApi\DawnProject\CPlayer.cpp(33,22): warning C4244: '+=': 'double'에서 'float'(으)로 변환하면서 데이터가 손실될 수 있습니다.
C:\Users\xodnj\Desktop\Study\C++\WinApi\DawnProject\CPlayer.cpp(52,18): warning C4244: '인수': 'float'에서 'int'(으)로 변환하면서 데이터가 손실될 수 있습니다.
C:\Users\xodnj\Desktop\Study\C++\WinApi\DawnProject\CPlayer.cpp(51,18): warning C4244: '인수': 'float'에서 'int'(으)로 변환하면서 데이터가 손실될 수 있습니다.
C:\Users\xodnj\Desktop\Study\C++\WinApi\DawnProject\CPlayer.cpp(50,18): warning C4244: '인수': 'float'에서 'int'(으)로 변환하면서 데이터가 손실될 수 있습니다.
C:\Users\xodnj\Desktop\Study\C++\WinApi\DawnProject\CPlayer.cpp(49,18): warning C4244: '인수': 'float'에서 'int'(으)로 변환하면서 데이터가 손실될 수 있습니다.
  CProjectile.cpp
C:\Users\xodnj\Desktop\Study\C++\WinApi\DawnProject\CProjectile.cpp(9,1): warning C4305: '초기화 중': 'double'에서 'float'(으)로 잘립니다.
C:\Users\xodnj\Desktop\Study\C++\WinApi\DawnProject\CProjectile.cpp(25,38): warning C4244: '+=': 'double'에서 'float'(으)로 변환하면서 데이터가 손실될 수 있습니다.
C:\Users\xodnj\Desktop\Study\C++\WinApi\DawnProject\CProjectile.cpp(26,38): warning C4244: '+=': 'double'에서 'float'(으)로 변환하면서 데이터가 손실될 수 있습니다.
C:\Users\xodnj\Desktop\Study\C++\WinApi\DawnProject\CProjectile.cpp(40,15): warning C4244: '인수': 'float'에서 'int'(으)로 변환하면서 데이터가 손실될 수 있습니다.
C:\Users\xodnj\Desktop\Study\C++\WinApi\DawnProject\CProjectile.cpp(39,15): warning C4244: '인수': 'float'에서 'int'(으)로 변환하면서 데이터가 손실될 수 있습니다.
C:\Users\xodnj\Desktop\Study\C++\WinApi\DawnProject\CProjectile.cpp(38,15): warning C4244: '인수': 'float'에서 'int'(으)로 변환하면서 데이터가 손실될 수 있습니다.
C:\Users\xodnj\Desktop\Study\C++\WinApi\DawnProject\CProjectile.cpp(37,15): warning C4244: '인수': 'float'에서 'int'(으)로 변환하면서 데이터가 손실될 수 있습니다.
  CScene_Start.cpp
  CTimeMgr.cpp
  코드를 생성하고 있습니다.
  5 of 245 functions ( 2.0%) were compiled, the rest were copied from previous compilation.
    0 functions were new in current compilation
    0 functions had inline decision re-evaluated but remain unchanged
  코드를 생성했습니다.
  DawnProject.vcxproj -> C:\Users\xodnj\Desktop\Study\C++\WinApi\DawnProject\Output\bin\DawnProject.exe
